2024-11-03 15:50:16	[34mINFO[0m	❌ type counter|metrics HeapIdle not found
2024-11-03 15:50:16	[34mINFO[0m	✅{
    "id": "PollCount",
    "type": "counter"
}
2024-11-03 15:50:16	[31mERROR[0m	save func called	{"type": "gauge", "name": "someMetric", "value": "527"}
2024-11-03 15:50:16	[31mERROR[0m	save func called	{"type": "counter", "name": "someMetric", "value": "527"}
2024-11-03 15:50:16	[31mERROR[0m	save func called	{"type": "counter", "name": "someMetric", "value": "unknown"}
2024-11-03 15:53:59	[34mINFO[0m	❌ type counter|metrics HeapIdle not found
2024-11-03 15:53:59	[34mINFO[0m	✅{
    "id": "PollCount",
    "type": "counter"
}
2024-11-03 15:53:59	[31mERROR[0m	save func called	{"type": "gauge", "name": "someMetric", "value": "527"}
2024-11-03 15:53:59	[31mERROR[0m	save func called	{"type": "counter", "name": "someMetric", "value": "527"}
2024-11-03 15:53:59	[31mERROR[0m	save func called	{"type": "counter", "name": "someMetric", "value": "unknown"}
2024-11-03 15:55:52	[34mINFO[0m	info	{"uri": "http://localhost:8080/", "method": "GET", "duration": "212.083µs", "status": 200, "size": 112}
2024-11-03 15:55:52	[34mINFO[0m	❌ type counter|metrics HeapIdle not found
2024-11-03 15:55:52	[34mINFO[0m	info	{"uri": "http://localhost:8080/value/", "method": "POST", "duration": "330.708µs", "status": 404, "size": 94}
2024-11-03 15:55:52	[34mINFO[0m	✅{
    "id": "PollCount",
    "type": "counter"
}
2024-11-03 15:55:52	[34mINFO[0m	info	{"uri": "http://localhost:8080/value/", "method": "POST", "duration": "77µs", "status": 200, "size": 87}
2024-11-03 15:55:52	[34mINFO[0m	info	{"uri": "http://localhost:8080/value/counter/someMetric/", "method": "GET", "duration": "29.459µs", "status": 404, "size": -1}
2024-11-03 15:55:52	[34mINFO[0m	info	{"uri": "http://localhost:8080/value/gauge/someMetric/", "method": "GET", "duration": "34.292µs", "status": 200, "size": 1}
2024-11-03 15:55:52	[34mINFO[0m	info	{"uri": "http://localhost:8080/value/gauge/GCCPUFraction/", "method": "GET", "duration": "32.334µs", "status": 200, "size": 1}
2024-11-03 15:55:52	[34mINFO[0m	info	{"uri": "http://localhost:8080/value/counter/HeapObjects/", "method": "GET", "duration": "30.875µs", "status": 404, "size": -1}
2024-11-03 15:55:52	[31mERROR[0m	save func called	{"type": "gauge", "name": "someMetric", "value": "527"}
2024-11-03 15:55:52	[34mINFO[0m	info	{"uri": "http://localhost:8080/update/gauge/someMetric/527", "method": "POST", "duration": "55.833µs", "status": 200, "size": -1}
2024-11-03 15:55:52	[31mERROR[0m	save func called	{"type": "counter", "name": "someMetric", "value": "527"}
2024-11-03 15:55:52	[34mINFO[0m	info	{"uri": "http://localhost:8080/update/counter/someMetric/527", "method": "POST", "duration": "38.916µs", "status": 200, "size": -1}
2024-11-03 15:55:52	[31mERROR[0m	save func called	{"type": "counter", "name": "someMetric", "value": "unknown"}
2024-11-03 15:55:52	[34mINFO[0m	info	{"uri": "http://localhost:8080/update/counter/someMetric/unknown", "method": "POST", "duration": "40.042µs", "status": 400, "size": -1}
2024-11-03 15:58:51	[34mINFO[0m	info	{"uri": "http://localhost:8080/", "method": "GET", "duration": "224µs", "status": 200, "size": 112}
2024-11-03 15:58:51	[34mINFO[0m	❌ type counter|metrics HeapIdle not found
2024-11-03 15:58:51	[34mINFO[0m	info	{"uri": "http://localhost:8080/value/", "method": "POST", "duration": "308.25µs", "status": 404, "size": 94}
2024-11-03 15:58:51	[34mINFO[0m	✅{
    "id": "PollCount",
    "type": "counter"
}
2024-11-03 15:58:51	[34mINFO[0m	info	{"uri": "http://localhost:8080/value/", "method": "POST", "duration": "110.958µs", "status": 200, "size": 87}
2024-11-03 15:58:51	[34mINFO[0m	info	{"uri": "http://localhost:8080/value/counter/someMetric/", "method": "GET", "duration": "29.042µs", "status": 404, "size": -1}
2024-11-03 15:58:51	[34mINFO[0m	info	{"uri": "http://localhost:8080/value/gauge/someMetric/", "method": "GET", "duration": "27.417µs", "status": 200, "size": 1}
2024-11-03 15:58:51	[34mINFO[0m	info	{"uri": "http://localhost:8080/value/gauge/GCCPUFraction/", "method": "GET", "duration": "36.958µs", "status": 200, "size": 1}
2024-11-03 15:58:51	[34mINFO[0m	info	{"uri": "http://localhost:8080/value/counter/HeapObjects/", "method": "GET", "duration": "28.834µs", "status": 404, "size": -1}
2024-11-03 15:58:51	[34mINFO[0m	❌ invalid metrics value for gauge type
2024-11-03 15:58:51	[34mINFO[0m	info	{"uri": "http://localhost:8080/update/", "method": "POST", "duration": "88.084µs", "status": 500, "size": 91}
2024-11-03 15:58:51	[31mERROR[0m	save func called	{"type": "gauge", "name": "someMetric", "value": "527"}
2024-11-03 15:58:51	[34mINFO[0m	info	{"uri": "http://localhost:8080/update/gauge/someMetric/527", "method": "POST", "duration": "52.917µs", "status": 200, "size": -1}
2024-11-03 15:58:51	[31mERROR[0m	save func called	{"type": "counter", "name": "someMetric", "value": "527"}
2024-11-03 15:58:51	[34mINFO[0m	info	{"uri": "http://localhost:8080/update/counter/someMetric/527", "method": "POST", "duration": "36.208µs", "status": 200, "size": -1}
2024-11-03 15:58:51	[31mERROR[0m	save func called	{"type": "counter", "name": "someMetric", "value": "unknown"}
2024-11-03 15:58:51	[34mINFO[0m	info	{"uri": "http://localhost:8080/update/counter/someMetric/unknown", "method": "POST", "duration": "37.25µs", "status": 400, "size": -1}
2024-11-03 16:01:34	[34mINFO[0m	info	{"uri": "http://localhost:8080/", "method": "GET", "duration": "215.708µs", "status": 200, "size": 112}
2024-11-03 16:01:34	[34mINFO[0m	❌ type counter|metrics HeapIdle not found
2024-11-03 16:01:34	[34mINFO[0m	info	{"uri": "http://localhost:8080/value/", "method": "POST", "duration": "371.917µs", "status": 404, "size": 94}
2024-11-03 16:01:34	[34mINFO[0m	✅{
    "id": "PollCount",
    "type": "counter"
}
2024-11-03 16:01:34	[34mINFO[0m	info	{"uri": "http://localhost:8080/value/", "method": "POST", "duration": "103.834µs", "status": 200, "size": 87}
2024-11-03 16:01:34	[34mINFO[0m	info	{"uri": "http://localhost:8080/value/counter/someMetric/", "method": "GET", "duration": "26.667µs", "status": 404, "size": -1}
2024-11-03 16:01:34	[34mINFO[0m	info	{"uri": "http://localhost:8080/value/gauge/someMetric/", "method": "GET", "duration": "29.375µs", "status": 200, "size": 1}
2024-11-03 16:01:34	[34mINFO[0m	info	{"uri": "http://localhost:8080/value/gauge/GCCPUFraction/", "method": "GET", "duration": "28.709µs", "status": 200, "size": 1}
2024-11-03 16:01:34	[34mINFO[0m	info	{"uri": "http://localhost:8080/value/counter/HeapObjects/", "method": "GET", "duration": "29.208µs", "status": 404, "size": -1}
2024-11-03 16:01:34	[34mINFO[0m	❌ invalid metrics value for gauge type
2024-11-03 16:01:34	[34mINFO[0m	info	{"uri": "http://localhost:8080/update/", "method": "POST", "duration": "88.459µs", "status": 500, "size": 91}
2024-11-03 16:01:34	[31mERROR[0m	save func called	{"type": "gauge", "name": "someMetric", "value": "527"}
2024-11-03 16:01:34	[34mINFO[0m	info	{"uri": "http://localhost:8080/update/gauge/someMetric/527", "method": "POST", "duration": "49.875µs", "status": 200, "size": -1}
2024-11-03 16:01:34	[31mERROR[0m	save func called	{"type": "counter", "name": "someMetric", "value": "527"}
2024-11-03 16:01:34	[34mINFO[0m	info	{"uri": "http://localhost:8080/update/counter/someMetric/527", "method": "POST", "duration": "36.792µs", "status": 200, "size": -1}
2024-11-03 16:01:34	[31mERROR[0m	save func called	{"type": "counter", "name": "someMetric", "value": "unknown"}
2024-11-03 16:01:34	[34mINFO[0m	info	{"uri": "http://localhost:8080/update/counter/someMetric/unknown", "method": "POST", "duration": "40.167µs", "status": 400, "size": -1}
2024-11-03 16:02:09	[34mINFO[0m	info	{"uri": "http://localhost:8080/", "method": "GET", "duration": "244.792µs", "status": 200, "size": 112}
2024-11-03 16:02:09	[34mINFO[0m	❌ type counter|metrics HeapIdle not found
2024-11-03 16:02:09	[34mINFO[0m	info	{"uri": "http://localhost:8080/value/", "method": "POST", "duration": "334.125µs", "status": 404, "size": 94}
2024-11-03 16:02:09	[34mINFO[0m	✅{
    "id": "PollCount",
    "type": "counter"
}
2024-11-03 16:02:09	[34mINFO[0m	info	{"uri": "http://localhost:8080/value/", "method": "POST", "duration": "83.041µs", "status": 200, "size": 87}
2024-11-03 16:02:09	[34mINFO[0m	info	{"uri": "http://localhost:8080/value/counter/someMetric/", "method": "GET", "duration": "28.667µs", "status": 404, "size": -1}
2024-11-03 16:02:09	[34mINFO[0m	info	{"uri": "http://localhost:8080/value/gauge/someMetric/", "method": "GET", "duration": "28.292µs", "status": 200, "size": 1}
2024-11-03 16:02:09	[34mINFO[0m	info	{"uri": "http://localhost:8080/value/gauge/GCCPUFraction/", "method": "GET", "duration": "31.209µs", "status": 200, "size": 1}
2024-11-03 16:02:09	[34mINFO[0m	info	{"uri": "http://localhost:8080/value/counter/HeapObjects/", "method": "GET", "duration": "28.25µs", "status": 404, "size": -1}
2024-11-03 16:02:09	[34mINFO[0m	❌ invalid metrics value for gauge type
2024-11-03 16:02:09	[34mINFO[0m	info	{"uri": "http://localhost:8080/update/", "method": "POST", "duration": "78.375µs", "status": 500, "size": 91}
2024-11-03 16:02:09	[31mERROR[0m	save func called	{"type": "gauge", "name": "someMetric", "value": "527"}
2024-11-03 16:02:09	[34mINFO[0m	info	{"uri": "http://localhost:8080/update/gauge/someMetric/527", "method": "POST", "duration": "48.583µs", "status": 200, "size": -1}
2024-11-03 16:02:09	[31mERROR[0m	save func called	{"type": "counter", "name": "someMetric", "value": "527"}
2024-11-03 16:02:09	[34mINFO[0m	info	{"uri": "http://localhost:8080/update/counter/someMetric/527", "method": "POST", "duration": "34.5µs", "status": 200, "size": -1}
2024-11-03 16:02:09	[31mERROR[0m	save func called	{"type": "counter", "name": "someMetric", "value": "unknown"}
2024-11-03 16:02:09	[34mINFO[0m	info	{"uri": "http://localhost:8080/update/counter/someMetric/unknown", "method": "POST", "duration": "37.334µs", "status": 400, "size": -1}
2024-11-03 16:02:18	[34mINFO[0m	info	{"uri": "http://localhost:8080/", "method": "GET", "duration": "218.875µs", "status": 200, "size": 112}
2024-11-03 16:02:18	[34mINFO[0m	❌ type counter|metrics HeapIdle not found
2024-11-03 16:02:18	[34mINFO[0m	info	{"uri": "http://localhost:8080/value/", "method": "POST", "duration": "356.125µs", "status": 404, "size": 94}
2024-11-03 16:02:18	[34mINFO[0m	✅{
    "id": "PollCount",
    "type": "counter"
}
2024-11-03 16:02:18	[34mINFO[0m	info	{"uri": "http://localhost:8080/value/", "method": "POST", "duration": "85.958µs", "status": 200, "size": 87}
2024-11-03 16:02:18	[34mINFO[0m	info	{"uri": "http://localhost:8080/value/counter/someMetric/", "method": "GET", "duration": "34.667µs", "status": 404, "size": -1}
2024-11-03 16:02:18	[34mINFO[0m	info	{"uri": "http://localhost:8080/value/gauge/someMetric/", "method": "GET", "duration": "27.792µs", "status": 200, "size": 1}
2024-11-03 16:02:18	[34mINFO[0m	info	{"uri": "http://localhost:8080/value/gauge/GCCPUFraction/", "method": "GET", "duration": "38.625µs", "status": 200, "size": 1}
2024-11-03 16:02:18	[34mINFO[0m	info	{"uri": "http://localhost:8080/value/counter/HeapObjects/", "method": "GET", "duration": "31.083µs", "status": 404, "size": -1}
2024-11-03 16:02:18	[34mINFO[0m	❌ invalid metrics value for gauge type
2024-11-03 16:02:18	[34mINFO[0m	info	{"uri": "http://localhost:8080/update/", "method": "POST", "duration": "91.083µs", "status": 500, "size": 91}
2024-11-03 16:02:18	[31mERROR[0m	save func called	{"type": "gauge", "name": "someMetric", "value": "527"}
2024-11-03 16:02:18	[34mINFO[0m	info	{"uri": "http://localhost:8080/update/gauge/someMetric/527", "method": "POST", "duration": "53.542µs", "status": 200, "size": -1}
2024-11-03 16:02:18	[31mERROR[0m	save func called	{"type": "counter", "name": "someMetric", "value": "527"}
2024-11-03 16:02:18	[34mINFO[0m	info	{"uri": "http://localhost:8080/update/counter/someMetric/527", "method": "POST", "duration": "35.833µs", "status": 200, "size": -1}
2024-11-03 16:02:18	[31mERROR[0m	save func called	{"type": "counter", "name": "someMetric", "value": "unknown"}
2024-11-03 16:02:18	[34mINFO[0m	info	{"uri": "http://localhost:8080/update/counter/someMetric/unknown", "method": "POST", "duration": "44.083µs", "status": 400, "size": -1}
2024-11-03 16:08:41	[34mINFO[0m	info	{"uri": "http://localhost:8080/", "method": "GET", "duration": "226.791µs", "status": 200, "size": 112}
2024-11-03 16:08:41	[34mINFO[0m	❌ type counter|metrics HeapIdle not found
2024-11-03 16:08:41	[34mINFO[0m	info	{"uri": "http://localhost:8080/value/", "method": "POST", "duration": "363.25µs", "status": 404, "size": 94}
2024-11-03 16:08:41	[34mINFO[0m	✅{
    "id": "PollCount",
    "type": "counter"
}
2024-11-03 16:08:41	[34mINFO[0m	info	{"uri": "http://localhost:8080/value/", "method": "POST", "duration": "78.666µs", "status": 200, "size": 87}
2024-11-03 16:08:41	[34mINFO[0m	info	{"uri": "http://localhost:8080/value/counter/someMetric/", "method": "GET", "duration": "28.5µs", "status": 404, "size": -1}
2024-11-03 16:08:41	[34mINFO[0m	info	{"uri": "http://localhost:8080/value/gauge/someMetric/", "method": "GET", "duration": "37.042µs", "status": 200, "size": 1}
2024-11-03 16:08:41	[34mINFO[0m	info	{"uri": "http://localhost:8080/value/gauge/GCCPUFraction/", "method": "GET", "duration": "32.417µs", "status": 200, "size": 1}
2024-11-03 16:08:41	[34mINFO[0m	info	{"uri": "http://localhost:8080/value/counter/HeapObjects/", "method": "GET", "duration": "31.333µs", "status": 404, "size": -1}
2024-11-03 16:08:41	[34mINFO[0m	❌ invalid metrics value for gauge type
2024-11-03 16:08:41	[34mINFO[0m	info	{"uri": "http://localhost:8080/update/", "method": "POST", "duration": "92.125µs", "status": 500, "size": 91}
2024-11-03 16:08:41	[31mERROR[0m	save func called	{"type": "gauge", "name": "someMetric", "value": "527"}
2024-11-03 16:08:41	[34mINFO[0m	info	{"uri": "http://localhost:8080/update/gauge/someMetric/527", "method": "POST", "duration": "74.333µs", "status": 200, "size": -1}
2024-11-03 16:08:41	[31mERROR[0m	save func called	{"type": "counter", "name": "someMetric", "value": "527"}
2024-11-03 16:08:41	[34mINFO[0m	info	{"uri": "http://localhost:8080/update/counter/someMetric/527", "method": "POST", "duration": "35.625µs", "status": 200, "size": -1}
2024-11-03 16:08:41	[31mERROR[0m	save func called	{"type": "counter", "name": "someMetric", "value": "unknown"}
2024-11-03 16:08:41	[34mINFO[0m	info	{"uri": "http://localhost:8080/update/counter/someMetric/unknown", "method": "POST", "duration": "40.042µs", "status": 400, "size": -1}
2024-11-03 16:09:02	[34mINFO[0m	info	{"uri": "http://localhost:8080/", "method": "GET", "duration": "221.209µs", "status": 200, "size": 112}
2024-11-03 16:09:02	[34mINFO[0m	❌ type counter|metrics HeapIdle not found
2024-11-03 16:09:02	[34mINFO[0m	info	{"uri": "http://localhost:8080/value/", "method": "POST", "duration": "384.833µs", "status": 404, "size": 94}
2024-11-03 16:09:02	[34mINFO[0m	✅{
    "id": "PollCount",
    "type": "counter"
}
2024-11-03 16:09:02	[34mINFO[0m	info	{"uri": "http://localhost:8080/value/", "method": "POST", "duration": "79.125µs", "status": 200, "size": 87}
2024-11-03 16:09:02	[34mINFO[0m	info	{"uri": "http://localhost:8080/value/counter/someMetric/", "method": "GET", "duration": "33.208µs", "status": 404, "size": -1}
2024-11-03 16:09:02	[34mINFO[0m	info	{"uri": "http://localhost:8080/value/gauge/someMetric/", "method": "GET", "duration": "34µs", "status": 200, "size": 1}
2024-11-03 16:09:02	[34mINFO[0m	info	{"uri": "http://localhost:8080/value/gauge/GCCPUFraction/", "method": "GET", "duration": "34.125µs", "status": 200, "size": 1}
2024-11-03 16:09:02	[34mINFO[0m	info	{"uri": "http://localhost:8080/value/counter/HeapObjects/", "method": "GET", "duration": "32.417µs", "status": 404, "size": -1}
2024-11-03 16:09:02	[34mINFO[0m	❌ invalid metrics value for gauge type
2024-11-03 16:09:02	[34mINFO[0m	info	{"uri": "http://localhost:8080/update/", "method": "POST", "duration": "104.959µs", "status": 500, "size": 91}
2024-11-03 16:09:02	[31mERROR[0m	save func called	{"type": "gauge", "name": "someMetric", "value": "527"}
2024-11-03 16:09:02	[34mINFO[0m	info	{"uri": "http://localhost:8080/update/gauge/someMetric/527", "method": "POST", "duration": "60.583µs", "status": 200, "size": -1}
2024-11-03 16:09:02	[31mERROR[0m	save func called	{"type": "counter", "name": "someMetric", "value": "527"}
2024-11-03 16:09:02	[34mINFO[0m	info	{"uri": "http://localhost:8080/update/counter/someMetric/527", "method": "POST", "duration": "50.25µs", "status": 200, "size": -1}
2024-11-03 16:09:02	[31mERROR[0m	save func called	{"type": "counter", "name": "someMetric", "value": "unknown"}
2024-11-03 16:09:02	[34mINFO[0m	info	{"uri": "http://localhost:8080/update/counter/someMetric/unknown", "method": "POST", "duration": "49.417µs", "status": 400, "size": -1}
2024-11-03 16:09:21	[34mINFO[0m	info	{"uri": "http://localhost:8080/", "method": "GET", "duration": "210.209µs", "status": 200, "size": 112}
2024-11-03 16:09:21	[34mINFO[0m	❌ type counter|metrics HeapIdle not found
2024-11-03 16:09:21	[34mINFO[0m	info	{"uri": "http://localhost:8080/value/", "method": "POST", "duration": "379.833µs", "status": 404, "size": 94}
2024-11-03 16:09:21	[34mINFO[0m	✅{
    "id": "PollCount",
    "type": "counter"
}
2024-11-03 16:09:21	[34mINFO[0m	info	{"uri": "http://localhost:8080/value/", "method": "POST", "duration": "80µs", "status": 200, "size": 87}
2024-11-03 16:09:21	[34mINFO[0m	info	{"uri": "http://localhost:8080/value/counter/someMetric/", "method": "GET", "duration": "27.083µs", "status": 404, "size": -1}
2024-11-03 16:09:21	[34mINFO[0m	info	{"uri": "http://localhost:8080/value/gauge/someMetric/", "method": "GET", "duration": "35.167µs", "status": 200, "size": 1}
2024-11-03 16:09:21	[34mINFO[0m	info	{"uri": "http://localhost:8080/value/gauge/GCCPUFraction/", "method": "GET", "duration": "30.5µs", "status": 200, "size": 1}
2024-11-03 16:09:21	[34mINFO[0m	info	{"uri": "http://localhost:8080/value/counter/HeapObjects/", "method": "GET", "duration": "31.292µs", "status": 404, "size": -1}
2024-11-03 16:09:21	[34mINFO[0m	❌ invalid metrics value for gauge type
2024-11-03 16:09:21	[34mINFO[0m	info	{"uri": "http://localhost:8080/update/", "method": "POST", "duration": "105.583µs", "status": 500, "size": 91}
2024-11-03 16:09:21	[31mERROR[0m	save func called	{"type": "gauge", "name": "someMetric", "value": "527"}
2024-11-03 16:09:21	[34mINFO[0m	info	{"uri": "http://localhost:8080/update/gauge/someMetric/527", "method": "POST", "duration": "64.833µs", "status": 200, "size": -1}
2024-11-03 16:09:21	[31mERROR[0m	save func called	{"type": "counter", "name": "someMetric", "value": "527"}
2024-11-03 16:09:21	[34mINFO[0m	info	{"uri": "http://localhost:8080/update/counter/someMetric/527", "method": "POST", "duration": "48.834µs", "status": 200, "size": -1}
2024-11-03 16:09:21	[31mERROR[0m	save func called	{"type": "counter", "name": "someMetric", "value": "unknown"}
2024-11-03 16:09:21	[34mINFO[0m	info	{"uri": "http://localhost:8080/update/counter/someMetric/unknown", "method": "POST", "duration": "38.791µs", "status": 400, "size": -1}
2024-11-03 16:18:02	[34mINFO[0m	info	{"uri": "http://localhost:8080/", "method": "GET", "duration": "224.583µs", "status": 200, "size": 112}
2024-11-03 16:18:02	[34mINFO[0m	❌ metric not found
2024-11-03 16:18:02	[34mINFO[0m	info	{"uri": "http://localhost:8080/value/", "method": "POST", "duration": "409.25µs", "status": 404, "size": 71}
2024-11-03 16:18:02	[34mINFO[0m	✅{
    "id": "PollCount",
    "type": "counter"
}
2024-11-03 16:18:02	[34mINFO[0m	info	{"uri": "http://localhost:8080/value/", "method": "POST", "duration": "142.917µs", "status": 200, "size": 87}
2024-11-03 16:18:02	[34mINFO[0m	info	{"uri": "http://localhost:8080/value/counter/someMetric/", "method": "GET", "duration": "29.792µs", "status": 404, "size": -1}
2024-11-03 16:18:02	[34mINFO[0m	info	{"uri": "http://localhost:8080/value/gauge/someMetric/", "method": "GET", "duration": "29.042µs", "status": 200, "size": 1}
2024-11-03 16:18:02	[34mINFO[0m	info	{"uri": "http://localhost:8080/value/gauge/GCCPUFraction/", "method": "GET", "duration": "32.125µs", "status": 200, "size": 1}
2024-11-03 16:18:02	[34mINFO[0m	info	{"uri": "http://localhost:8080/value/counter/HeapObjects/", "method": "GET", "duration": "27.667µs", "status": 404, "size": -1}
2024-11-03 16:18:02	[34mINFO[0m	❌ invalid metrics value for gauge type
2024-11-03 16:18:02	[34mINFO[0m	info	{"uri": "http://localhost:8080/update/", "method": "POST", "duration": "86.875µs", "status": 500, "size": 91}
2024-11-03 16:18:02	[31mERROR[0m	save func called	{"type": "gauge", "name": "someMetric", "value": "527"}
2024-11-03 16:18:02	[34mINFO[0m	info	{"uri": "http://localhost:8080/update/gauge/someMetric/527", "method": "POST", "duration": "51.166µs", "status": 200, "size": -1}
2024-11-03 16:18:02	[31mERROR[0m	save func called	{"type": "counter", "name": "someMetric", "value": "527"}
2024-11-03 16:18:02	[34mINFO[0m	info	{"uri": "http://localhost:8080/update/counter/someMetric/527", "method": "POST", "duration": "34.541µs", "status": 200, "size": -1}
2024-11-03 16:18:02	[31mERROR[0m	save func called	{"type": "counter", "name": "someMetric", "value": "unknown"}
2024-11-03 16:18:02	[34mINFO[0m	info	{"uri": "http://localhost:8080/update/counter/someMetric/unknown", "method": "POST", "duration": "37.875µs", "status": 400, "size": -1}
2024-11-03 16:18:39	[34mINFO[0m	info	{"uri": "http://localhost:8080/", "method": "GET", "duration": "210.083µs", "status": 200, "size": 112}
2024-11-03 16:18:39	[34mINFO[0m	❌ metric not found
2024-11-03 16:18:39	[34mINFO[0m	info	{"uri": "http://localhost:8080/value/", "method": "POST", "duration": "406.375µs", "status": 404, "size": 71}
2024-11-03 16:18:39	[34mINFO[0m	✅{
    "id": "PollCount",
    "type": "counter"
}
2024-11-03 16:18:39	[34mINFO[0m	info	{"uri": "http://localhost:8080/value/", "method": "POST", "duration": "111.125µs", "status": 200, "size": 87}
2024-11-03 16:18:39	[34mINFO[0m	info	{"uri": "http://localhost:8080/value/counter/someMetric/", "method": "GET", "duration": "29.208µs", "status": 404, "size": -1}
2024-11-03 16:18:39	[34mINFO[0m	info	{"uri": "http://localhost:8080/value/gauge/someMetric/", "method": "GET", "duration": "32.291µs", "status": 200, "size": 1}
2024-11-03 16:18:39	[34mINFO[0m	info	{"uri": "http://localhost:8080/value/gauge/GCCPUFraction/", "method": "GET", "duration": "37.167µs", "status": 200, "size": 1}
2024-11-03 16:18:39	[34mINFO[0m	info	{"uri": "http://localhost:8080/value/counter/HeapObjects/", "method": "GET", "duration": "29.958µs", "status": 404, "size": -1}
2024-11-03 16:18:39	[34mINFO[0m	❌ invalid metrics value for gauge type
2024-11-03 16:18:39	[34mINFO[0m	info	{"uri": "http://localhost:8080/update/", "method": "POST", "duration": "93.333µs", "status": 500, "size": 91}
2024-11-03 16:18:39	[31mERROR[0m	save func called	{"type": "gauge", "name": "someMetric", "value": "527"}
2024-11-03 16:18:39	[34mINFO[0m	info	{"uri": "http://localhost:8080/update/gauge/someMetric/527", "method": "POST", "duration": "53.708µs", "status": 200, "size": -1}
2024-11-03 16:18:39	[31mERROR[0m	save func called	{"type": "counter", "name": "someMetric", "value": "527"}
2024-11-03 16:18:39	[34mINFO[0m	info	{"uri": "http://localhost:8080/update/counter/someMetric/527", "method": "POST", "duration": "36.417µs", "status": 200, "size": -1}
2024-11-03 16:18:39	[31mERROR[0m	save func called	{"type": "counter", "name": "someMetric", "value": "unknown"}
2024-11-03 16:18:39	[34mINFO[0m	info	{"uri": "http://localhost:8080/update/counter/someMetric/unknown", "method": "POST", "duration": "39.292µs", "status": 400, "size": -1}
2024-11-03 16:20:29	[34mINFO[0m	info	{"uri": "http://localhost:8080/", "method": "GET", "duration": "213.75µs", "status": 200, "size": 112}
2024-11-03 16:20:29	[34mINFO[0m	❌ metric not found
2024-11-03 16:20:29	[34mINFO[0m	info	{"uri": "http://localhost:8080/value/", "method": "POST", "duration": "373.459µs", "status": 404, "size": 71}
2024-11-03 16:20:29	[34mINFO[0m	✅{
    "id": "PollCount",
    "type": "counter"
}
2024-11-03 16:20:29	[34mINFO[0m	info	{"uri": "http://localhost:8080/value/", "method": "POST", "duration": "108.708µs", "status": 200, "size": 87}
2024-11-03 16:20:29	[34mINFO[0m	info	{"uri": "http://localhost:8080/value/counter/someMetric/", "method": "GET", "duration": "30.875µs", "status": 404, "size": -1}
2024-11-03 16:20:29	[34mINFO[0m	info	{"uri": "http://localhost:8080/value/gauge/someMetric/", "method": "GET", "duration": "34.083µs", "status": 200, "size": 1}
2024-11-03 16:20:29	[34mINFO[0m	info	{"uri": "http://localhost:8080/value/gauge/GCCPUFraction/", "method": "GET", "duration": "31.375µs", "status": 200, "size": 1}
2024-11-03 16:20:29	[34mINFO[0m	info	{"uri": "http://localhost:8080/value/counter/HeapObjects/", "method": "GET", "duration": "29.917µs", "status": 404, "size": -1}
2024-11-03 16:20:29	[34mINFO[0m	❌ invalid metrics value for gauge type
2024-11-03 16:20:29	[34mINFO[0m	info	{"uri": "http://localhost:8080/update/", "method": "POST", "duration": "92.041µs", "status": 500, "size": 91}
2024-11-03 16:20:29	[31mERROR[0m	save func called	{"type": "gauge", "name": "someMetric", "value": "527"}
2024-11-03 16:20:29	[34mINFO[0m	info	{"uri": "http://localhost:8080/update/gauge/someMetric/527", "method": "POST", "duration": "50.584µs", "status": 200, "size": -1}
2024-11-03 16:20:29	[31mERROR[0m	save func called	{"type": "counter", "name": "someMetric", "value": "527"}
2024-11-03 16:20:29	[34mINFO[0m	info	{"uri": "http://localhost:8080/update/counter/someMetric/527", "method": "POST", "duration": "35.458µs", "status": 200, "size": -1}
2024-11-03 16:20:29	[31mERROR[0m	save func called	{"type": "counter", "name": "someMetric", "value": "unknown"}
2024-11-03 16:20:29	[34mINFO[0m	info	{"uri": "http://localhost:8080/update/counter/someMetric/unknown", "method": "POST", "duration": "38.667µs", "status": 400, "size": -1}
2024-11-03 16:20:47	[34mINFO[0m	info	{"uri": "http://localhost:8080/", "method": "GET", "duration": "223.25µs", "status": 200, "size": 112}
2024-11-03 16:20:47	[34mINFO[0m	❌ metric not found
2024-11-03 16:20:47	[34mINFO[0m	info	{"uri": "http://localhost:8080/value/", "method": "POST", "duration": "357.667µs", "status": 404, "size": 71}
2024-11-03 16:20:47	[34mINFO[0m	✅{
    "id": "PollCount",
    "type": "counter"
}
2024-11-03 16:20:47	[34mINFO[0m	info	{"uri": "http://localhost:8080/value/", "method": "POST", "duration": "101.125µs", "status": 200, "size": 87}
2024-11-03 16:20:47	[34mINFO[0m	info	{"uri": "http://localhost:8080/value/counter/someMetric/", "method": "GET", "duration": "28.375µs", "status": 404, "size": -1}
2024-11-03 16:20:47	[34mINFO[0m	info	{"uri": "http://localhost:8080/value/gauge/someMetric/", "method": "GET", "duration": "29.5µs", "status": 200, "size": 1}
2024-11-03 16:20:47	[34mINFO[0m	info	{"uri": "http://localhost:8080/value/gauge/GCCPUFraction/", "method": "GET", "duration": "27.333µs", "status": 200, "size": 1}
2024-11-03 16:20:47	[34mINFO[0m	info	{"uri": "http://localhost:8080/value/counter/HeapObjects/", "method": "GET", "duration": "29.042µs", "status": 404, "size": -1}
2024-11-03 16:20:47	[34mINFO[0m	❌ invalid metrics value for gauge type
2024-11-03 16:20:47	[34mINFO[0m	info	{"uri": "http://localhost:8080/update/", "method": "POST", "duration": "79.667µs", "status": 500, "size": 91}
2024-11-03 16:20:47	[31mERROR[0m	save func called	{"type": "gauge", "name": "someMetric", "value": "527"}
2024-11-03 16:20:47	[34mINFO[0m	info	{"uri": "http://localhost:8080/update/gauge/someMetric/527", "method": "POST", "duration": "50µs", "status": 200, "size": -1}
2024-11-03 16:20:47	[31mERROR[0m	save func called	{"type": "counter", "name": "someMetric", "value": "527"}
2024-11-03 16:20:47	[34mINFO[0m	info	{"uri": "http://localhost:8080/update/counter/someMetric/527", "method": "POST", "duration": "37.125µs", "status": 200, "size": -1}
2024-11-03 16:20:47	[31mERROR[0m	save func called	{"type": "counter", "name": "someMetric", "value": "unknown"}
2024-11-03 16:20:47	[34mINFO[0m	info	{"uri": "http://localhost:8080/update/counter/someMetric/unknown", "method": "POST", "duration": "40.625µs", "status": 400, "size": -1}
2024-11-03 16:21:35	[34mINFO[0m	info	{"uri": "http://localhost:8080/", "method": "GET", "duration": "217.125µs", "status": 200, "size": 112}
2024-11-03 16:21:35	[34mINFO[0m	❌ metric not found
2024-11-03 16:21:35	[34mINFO[0m	info	{"uri": "http://localhost:8080/value/", "method": "POST", "duration": "329.666µs", "status": 404, "size": 71}
2024-11-03 16:21:35	[34mINFO[0m	✅{
    "id": "PollCount",
    "type": "counter"
}
2024-11-03 16:21:35	[34mINFO[0m	info	{"uri": "http://localhost:8080/value/", "method": "POST", "duration": "79.041µs", "status": 200, "size": 87}
2024-11-03 16:21:35	[34mINFO[0m	info	{"uri": "http://localhost:8080/value/counter/someMetric/", "method": "GET", "duration": "36.542µs", "status": 404, "size": -1}
2024-11-03 16:21:35	[34mINFO[0m	info	{"uri": "http://localhost:8080/value/gauge/someMetric/", "method": "GET", "duration": "29.5µs", "status": 200, "size": 1}
2024-11-03 16:21:35	[34mINFO[0m	info	{"uri": "http://localhost:8080/value/gauge/GCCPUFraction/", "method": "GET", "duration": "35.25µs", "status": 200, "size": 1}
2024-11-03 16:21:35	[34mINFO[0m	info	{"uri": "http://localhost:8080/value/counter/HeapObjects/", "method": "GET", "duration": "30.666µs", "status": 404, "size": -1}
2024-11-03 16:21:35	[34mINFO[0m	❌ invalid metrics value for gauge type
2024-11-03 16:21:35	[34mINFO[0m	info	{"uri": "http://localhost:8080/update/", "method": "POST", "duration": "82.375µs", "status": 500, "size": 91}
2024-11-03 16:21:35	[31mERROR[0m	save func called	{"type": "gauge", "name": "someMetric", "value": "527"}
2024-11-03 16:21:35	[34mINFO[0m	info	{"uri": "http://localhost:8080/update/gauge/someMetric/527", "method": "POST", "duration": "52.5µs", "status": 200, "size": -1}
2024-11-03 16:21:35	[31mERROR[0m	save func called	{"type": "counter", "name": "someMetric", "value": "527"}
2024-11-03 16:21:35	[34mINFO[0m	info	{"uri": "http://localhost:8080/update/counter/someMetric/527", "method": "POST", "duration": "36.166µs", "status": 200, "size": -1}
2024-11-03 16:21:35	[31mERROR[0m	save func called	{"type": "counter", "name": "someMetric", "value": "unknown"}
2024-11-03 16:21:35	[34mINFO[0m	info	{"uri": "http://localhost:8080/update/counter/someMetric/unknown", "method": "POST", "duration": "38.041µs", "status": 400, "size": -1}
2024-11-03 16:21:57	[34mINFO[0m	info	{"uri": "http://localhost:8080/", "method": "GET", "duration": "219.25µs", "status": 200, "size": 112}
2024-11-03 16:21:57	[34mINFO[0m	❌ metric not found
2024-11-03 16:21:57	[34mINFO[0m	info	{"uri": "http://localhost:8080/value/", "method": "POST", "duration": "376.708µs", "status": 404, "size": 71}
2024-11-03 16:21:57	[34mINFO[0m	✅{
    "id": "PollCount",
    "type": "counter"
}
2024-11-03 16:21:57	[34mINFO[0m	info	{"uri": "http://localhost:8080/value/", "method": "POST", "duration": "106.833µs", "status": 200, "size": 87}
2024-11-03 16:21:57	[34mINFO[0m	info	{"uri": "http://localhost:8080/value/counter/someMetric/", "method": "GET", "duration": "34.875µs", "status": 404, "size": -1}
2024-11-03 16:21:57	[34mINFO[0m	info	{"uri": "http://localhost:8080/value/gauge/someMetric/", "method": "GET", "duration": "34.209µs", "status": 200, "size": 1}
2024-11-03 16:21:57	[34mINFO[0m	info	{"uri": "http://localhost:8080/value/gauge/GCCPUFraction/", "method": "GET", "duration": "31.584µs", "status": 200, "size": 1}
2024-11-03 16:21:57	[34mINFO[0m	info	{"uri": "http://localhost:8080/value/counter/HeapObjects/", "method": "GET", "duration": "29.5µs", "status": 404, "size": -1}
2024-11-03 16:21:57	[34mINFO[0m	❌ invalid metrics value for gauge type
2024-11-03 16:21:57	[34mINFO[0m	info	{"uri": "http://localhost:8080/update/", "method": "POST", "duration": "99.417µs", "status": 500, "size": 91}
2024-11-03 16:21:57	[31mERROR[0m	save func called	{"type": "gauge", "name": "someMetric", "value": "527"}
2024-11-03 16:21:57	[34mINFO[0m	info	{"uri": "http://localhost:8080/update/gauge/someMetric/527", "method": "POST", "duration": "54.708µs", "status": 200, "size": -1}
2024-11-03 16:21:57	[31mERROR[0m	save func called	{"type": "counter", "name": "someMetric", "value": "527"}
2024-11-03 16:21:57	[34mINFO[0m	info	{"uri": "http://localhost:8080/update/counter/someMetric/527", "method": "POST", "duration": "47.958µs", "status": 200, "size": -1}
2024-11-03 16:21:57	[31mERROR[0m	save func called	{"type": "counter", "name": "someMetric", "value": "unknown"}
2024-11-03 16:21:57	[34mINFO[0m	info	{"uri": "http://localhost:8080/update/counter/someMetric/unknown", "method": "POST", "duration": "41.917µs", "status": 400, "size": -1}
2024-11-03 16:22:28	[34mINFO[0m	info	{"uri": "http://localhost:8080/", "method": "GET", "duration": "221.792µs", "status": 200, "size": 112}
2024-11-03 16:22:28	[34mINFO[0m	❌ metric not found
2024-11-03 16:22:28	[34mINFO[0m	info	{"uri": "http://localhost:8080/value/", "method": "POST", "duration": "408.625µs", "status": 404, "size": 71}
2024-11-03 16:22:28	[34mINFO[0m	✅{
    "id": "PollCount",
    "type": "counter"
}
2024-11-03 16:22:28	[34mINFO[0m	info	{"uri": "http://localhost:8080/value/", "method": "POST", "duration": "111.583µs", "status": 200, "size": 87}
2024-11-03 16:22:28	[34mINFO[0m	info	{"uri": "http://localhost:8080/value/counter/someMetric/", "method": "GET", "duration": "29.917µs", "status": 404, "size": -1}
2024-11-03 16:22:28	[34mINFO[0m	info	{"uri": "http://localhost:8080/value/gauge/someMetric/", "method": "GET", "duration": "31.167µs", "status": 200, "size": 1}
2024-11-03 16:22:28	[34mINFO[0m	info	{"uri": "http://localhost:8080/value/gauge/GCCPUFraction/", "method": "GET", "duration": "30.166µs", "status": 200, "size": 1}
2024-11-03 16:22:28	[34mINFO[0m	info	{"uri": "http://localhost:8080/value/counter/HeapObjects/", "method": "GET", "duration": "29.75µs", "status": 404, "size": -1}
2024-11-03 16:22:28	[34mINFO[0m	❌ invalid metrics value for gauge type
2024-11-03 16:22:28	[34mINFO[0m	info	{"uri": "http://localhost:8080/update/", "method": "POST", "duration": "86.375µs", "status": 500, "size": 91}
2024-11-03 16:22:28	[31mERROR[0m	save func called	{"type": "gauge", "name": "someMetric", "value": "527"}
2024-11-03 16:22:28	[34mINFO[0m	info	{"uri": "http://localhost:8080/update/gauge/someMetric/527", "method": "POST", "duration": "51.709µs", "status": 200, "size": -1}
2024-11-03 16:22:28	[31mERROR[0m	save func called	{"type": "counter", "name": "someMetric", "value": "527"}
2024-11-03 16:22:28	[34mINFO[0m	info	{"uri": "http://localhost:8080/update/counter/someMetric/527", "method": "POST", "duration": "35.625µs", "status": 200, "size": -1}
2024-11-03 16:22:28	[31mERROR[0m	save func called	{"type": "counter", "name": "someMetric", "value": "unknown"}
2024-11-03 16:22:28	[34mINFO[0m	info	{"uri": "http://localhost:8080/update/counter/someMetric/unknown", "method": "POST", "duration": "41.5µs", "status": 400, "size": -1}
2024-11-03 16:23:16	[34mINFO[0m	info	{"uri": "http://localhost:8080/", "method": "GET", "duration": "223µs", "status": 200, "size": 112}
2024-11-03 16:23:16	[34mINFO[0m	❌ metric not found
2024-11-03 16:23:16	[34mINFO[0m	info	{"uri": "http://localhost:8080/value/", "method": "POST", "duration": "361.709µs", "status": 404, "size": 71}
2024-11-03 16:23:16	[34mINFO[0m	✅{
    "id": "PollCount",
    "type": "counter"
}
2024-11-03 16:23:16	[34mINFO[0m	info	{"uri": "http://localhost:8080/value/", "method": "POST", "duration": "106.083µs", "status": 200, "size": 87}
2024-11-03 16:23:16	[34mINFO[0m	info	{"uri": "http://localhost:8080/value/counter/someMetric/", "method": "GET", "duration": "28.791µs", "status": 404, "size": -1}
2024-11-03 16:23:16	[34mINFO[0m	info	{"uri": "http://localhost:8080/value/gauge/someMetric/", "method": "GET", "duration": "31.083µs", "status": 200, "size": 1}
2024-11-03 16:23:16	[34mINFO[0m	info	{"uri": "http://localhost:8080/value/gauge/GCCPUFraction/", "method": "GET", "duration": "38.583µs", "status": 200, "size": 1}
2024-11-03 16:23:16	[34mINFO[0m	info	{"uri": "http://localhost:8080/value/counter/HeapObjects/", "method": "GET", "duration": "31µs", "status": 404, "size": -1}
2024-11-03 16:23:16	[34mINFO[0m	❌ invalid metrics value for gauge type
2024-11-03 16:23:16	[34mINFO[0m	info	{"uri": "http://localhost:8080/update/", "method": "POST", "duration": "101.459µs", "status": 500, "size": 91}
2024-11-03 16:23:16	[31mERROR[0m	save func called	{"type": "gauge", "name": "someMetric", "value": "527"}
2024-11-03 16:23:16	[34mINFO[0m	info	{"uri": "http://localhost:8080/update/gauge/someMetric/527", "method": "POST", "duration": "65.542µs", "status": 200, "size": -1}
2024-11-03 16:23:16	[31mERROR[0m	save func called	{"type": "counter", "name": "someMetric", "value": "527"}
2024-11-03 16:23:16	[34mINFO[0m	info	{"uri": "http://localhost:8080/update/counter/someMetric/527", "method": "POST", "duration": "46.958µs", "status": 200, "size": -1}
2024-11-03 16:23:16	[31mERROR[0m	save func called	{"type": "counter", "name": "someMetric", "value": "unknown"}
2024-11-03 16:23:16	[34mINFO[0m	info	{"uri": "http://localhost:8080/update/counter/someMetric/unknown", "method": "POST", "duration": "68.542µs", "status": 400, "size": -1}
2024-11-03 16:23:40	[34mINFO[0m	info	{"uri": "http://localhost:8080/", "method": "GET", "duration": "218.292µs", "status": 200, "size": 112}
2024-11-03 16:23:40	[34mINFO[0m	❌ metric not found
2024-11-03 16:23:40	[34mINFO[0m	info	{"uri": "http://localhost:8080/value/", "method": "POST", "duration": "415.167µs", "status": 404, "size": 71}
2024-11-03 16:23:40	[34mINFO[0m	✅{
    "id": "PollCount",
    "type": "counter"
}
2024-11-03 16:23:40	[34mINFO[0m	info	{"uri": "http://localhost:8080/value/", "method": "POST", "duration": "111µs", "status": 200, "size": 87}
2024-11-03 16:23:40	[34mINFO[0m	info	{"uri": "http://localhost:8080/value/counter/someMetric/", "method": "GET", "duration": "33.042µs", "status": 404, "size": -1}
2024-11-03 16:23:40	[34mINFO[0m	info	{"uri": "http://localhost:8080/value/gauge/someMetric/", "method": "GET", "duration": "39.916µs", "status": 200, "size": 1}
2024-11-03 16:23:40	[34mINFO[0m	info	{"uri": "http://localhost:8080/value/gauge/GCCPUFraction/", "method": "GET", "duration": "29µs", "status": 200, "size": 1}
2024-11-03 16:23:40	[34mINFO[0m	info	{"uri": "http://localhost:8080/value/counter/HeapObjects/", "method": "GET", "duration": "29.833µs", "status": 404, "size": -1}
2024-11-03 16:23:40	[34mINFO[0m	❌ invalid metrics value for gauge type
2024-11-03 16:23:40	[34mINFO[0m	info	{"uri": "http://localhost:8080/update/", "method": "POST", "duration": "88.958µs", "status": 500, "size": 91}
2024-11-03 16:23:40	[31mERROR[0m	save func called	{"type": "gauge", "name": "someMetric", "value": "527"}
2024-11-03 16:23:40	[34mINFO[0m	info	{"uri": "http://localhost:8080/update/gauge/someMetric/527", "method": "POST", "duration": "53.291µs", "status": 200, "size": -1}
2024-11-03 16:23:40	[31mERROR[0m	save func called	{"type": "counter", "name": "someMetric", "value": "527"}
2024-11-03 16:23:40	[34mINFO[0m	info	{"uri": "http://localhost:8080/update/counter/someMetric/527", "method": "POST", "duration": "46.542µs", "status": 200, "size": -1}
2024-11-03 16:23:40	[31mERROR[0m	save func called	{"type": "counter", "name": "someMetric", "value": "unknown"}
2024-11-03 16:23:40	[34mINFO[0m	info	{"uri": "http://localhost:8080/update/counter/someMetric/unknown", "method": "POST", "duration": "49.083µs", "status": 400, "size": -1}
2024-11-03 16:23:57	[34mINFO[0m	info	{"uri": "http://localhost:8080/", "method": "GET", "duration": "223.542µs", "status": 200, "size": 112}
2024-11-03 16:23:57	[34mINFO[0m	❌ metric not found
2024-11-03 16:23:57	[34mINFO[0m	info	{"uri": "http://localhost:8080/value/", "method": "POST", "duration": "400.25µs", "status": 404, "size": 71}
2024-11-03 16:23:57	[34mINFO[0m	✅{
    "id": "PollCount",
    "type": "counter"
}
2024-11-03 16:23:57	[34mINFO[0m	info	{"uri": "http://localhost:8080/value/", "method": "POST", "duration": "120µs", "status": 200, "size": 87}
2024-11-03 16:23:57	[34mINFO[0m	info	{"uri": "http://localhost:8080/value/counter/someMetric/", "method": "GET", "duration": "28µs", "status": 404, "size": -1}
2024-11-03 16:23:57	[34mINFO[0m	info	{"uri": "http://localhost:8080/value/gauge/someMetric/", "method": "GET", "duration": "30.625µs", "status": 200, "size": 1}
2024-11-03 16:23:57	[34mINFO[0m	info	{"uri": "http://localhost:8080/value/gauge/GCCPUFraction/", "method": "GET", "duration": "35.083µs", "status": 200, "size": 1}
2024-11-03 16:23:57	[34mINFO[0m	info	{"uri": "http://localhost:8080/value/counter/HeapObjects/", "method": "GET", "duration": "32µs", "status": 404, "size": -1}
2024-11-03 16:23:57	[34mINFO[0m	❌ invalid metrics value for gauge type
2024-11-03 16:23:57	[34mINFO[0m	info	{"uri": "http://localhost:8080/update/", "method": "POST", "duration": "91.667µs", "status": 500, "size": 91}
2024-11-03 16:23:57	[31mERROR[0m	save func called	{"type": "gauge", "name": "someMetric", "value": "527"}
2024-11-03 16:23:57	[34mINFO[0m	info	{"uri": "http://localhost:8080/update/gauge/someMetric/527", "method": "POST", "duration": "52.417µs", "status": 200, "size": -1}
2024-11-03 16:23:57	[31mERROR[0m	save func called	{"type": "counter", "name": "someMetric", "value": "527"}
2024-11-03 16:23:57	[34mINFO[0m	info	{"uri": "http://localhost:8080/update/counter/someMetric/527", "method": "POST", "duration": "37.25µs", "status": 200, "size": -1}
2024-11-03 16:23:57	[31mERROR[0m	save func called	{"type": "counter", "name": "someMetric", "value": "unknown"}
2024-11-03 16:23:57	[34mINFO[0m	info	{"uri": "http://localhost:8080/update/counter/someMetric/unknown", "method": "POST", "duration": "38.666µs", "status": 400, "size": -1}
2024-11-03 16:24:52	[34mINFO[0m	info	{"uri": "http://localhost:8080/", "method": "GET", "duration": "212.25µs", "status": 200, "size": 112}
2024-11-03 16:24:52	[34mINFO[0m	❌ metric not found
2024-11-03 16:24:52	[34mINFO[0m	info	{"uri": "http://localhost:8080/value/", "method": "POST", "duration": "382.417µs", "status": 404, "size": 71}
2024-11-03 16:24:52	[34mINFO[0m	✅{
    "id": "PollCount",
    "type": "counter"
}
2024-11-03 16:24:52	[34mINFO[0m	info	{"uri": "http://localhost:8080/value/", "method": "POST", "duration": "98.709µs", "status": 200, "size": 87}
2024-11-03 16:24:52	[34mINFO[0m	info	{"uri": "http://localhost:8080/value/counter/someMetric/", "method": "GET", "duration": "31.709µs", "status": 404, "size": -1}
2024-11-03 16:24:52	[34mINFO[0m	info	{"uri": "http://localhost:8080/value/gauge/someMetric/", "method": "GET", "duration": "36.375µs", "status": 200, "size": 1}
2024-11-03 16:24:52	[34mINFO[0m	info	{"uri": "http://localhost:8080/value/gauge/GCCPUFraction/", "method": "GET", "duration": "29.458µs", "status": 200, "size": 1}
2024-11-03 16:24:52	[34mINFO[0m	info	{"uri": "http://localhost:8080/value/counter/HeapObjects/", "method": "GET", "duration": "29.208µs", "status": 404, "size": -1}
2024-11-03 16:24:52	[34mINFO[0m	❌ invalid metrics value for gauge type
2024-11-03 16:24:52	[34mINFO[0m	info	{"uri": "http://localhost:8080/update/", "method": "POST", "duration": "80.75µs", "status": 500, "size": 91}
2024-11-03 16:24:52	[31mERROR[0m	save func called	{"type": "gauge", "name": "someMetric", "value": "527"}
2024-11-03 16:24:52	[34mINFO[0m	info	{"uri": "http://localhost:8080/update/gauge/someMetric/527", "method": "POST", "duration": "51.875µs", "status": 200, "size": -1}
2024-11-03 16:24:52	[31mERROR[0m	save func called	{"type": "counter", "name": "someMetric", "value": "527"}
2024-11-03 16:24:52	[34mINFO[0m	info	{"uri": "http://localhost:8080/update/counter/someMetric/527", "method": "POST", "duration": "36.625µs", "status": 200, "size": -1}
2024-11-03 16:24:52	[31mERROR[0m	save func called	{"type": "counter", "name": "someMetric", "value": "unknown"}
2024-11-03 16:24:52	[34mINFO[0m	info	{"uri": "http://localhost:8080/update/counter/someMetric/unknown", "method": "POST", "duration": "40µs", "status": 400, "size": -1}
2024-11-03 16:25:13	[34mINFO[0m	info	{"uri": "http://localhost:8080/", "method": "GET", "duration": "224.917µs", "status": 200, "size": 112}
2024-11-03 16:25:13	[34mINFO[0m	❌ metric not found
2024-11-03 16:25:13	[34mINFO[0m	info	{"uri": "http://localhost:8080/value/", "method": "POST", "duration": "391.5µs", "status": 404, "size": 71}
2024-11-03 16:25:13	[34mINFO[0m	✅{
    "id": "PollCount",
    "type": "counter"
}
2024-11-03 16:25:13	[34mINFO[0m	info	{"uri": "http://localhost:8080/value/", "method": "POST", "duration": "110.542µs", "status": 200, "size": 87}
2024-11-03 16:25:13	[34mINFO[0m	info	{"uri": "http://localhost:8080/value/counter/someMetric/", "method": "GET", "duration": "27.459µs", "status": 404, "size": -1}
2024-11-03 16:25:13	[34mINFO[0m	info	{"uri": "http://localhost:8080/value/gauge/someMetric/", "method": "GET", "duration": "36.5µs", "status": 200, "size": 1}
2024-11-03 16:25:13	[34mINFO[0m	info	{"uri": "http://localhost:8080/value/gauge/GCCPUFraction/", "method": "GET", "duration": "30.667µs", "status": 200, "size": 1}
2024-11-03 16:25:13	[34mINFO[0m	info	{"uri": "http://localhost:8080/value/counter/HeapObjects/", "method": "GET", "duration": "31.375µs", "status": 404, "size": -1}
2024-11-03 16:25:13	[34mINFO[0m	❌ invalid metrics value for gauge type
2024-11-03 16:25:13	[34mINFO[0m	info	{"uri": "http://localhost:8080/update/", "method": "POST", "duration": "93.583µs", "status": 500, "size": 91}
2024-11-03 16:25:13	[31mERROR[0m	save func called	{"type": "gauge", "name": "someMetric", "value": "527"}
2024-11-03 16:25:13	[34mINFO[0m	info	{"uri": "http://localhost:8080/update/gauge/someMetric/527", "method": "POST", "duration": "53.25µs", "status": 200, "size": -1}
2024-11-03 16:25:13	[31mERROR[0m	save func called	{"type": "counter", "name": "someMetric", "value": "527"}
2024-11-03 16:25:13	[34mINFO[0m	info	{"uri": "http://localhost:8080/update/counter/someMetric/527", "method": "POST", "duration": "38.042µs", "status": 200, "size": -1}
2024-11-03 16:25:13	[31mERROR[0m	save func called	{"type": "counter", "name": "someMetric", "value": "unknown"}
2024-11-03 16:25:13	[34mINFO[0m	info	{"uri": "http://localhost:8080/update/counter/someMetric/unknown", "method": "POST", "duration": "39.625µs", "status": 400, "size": -1}
2024-11-03 16:25:37	[34mINFO[0m	info	{"uri": "http://localhost:8080/", "method": "GET", "duration": "209.25µs", "status": 200, "size": 112}
2024-11-03 16:25:37	[34mINFO[0m	❌ metric not found
2024-11-03 16:25:37	[34mINFO[0m	info	{"uri": "http://localhost:8080/value/", "method": "POST", "duration": "374.125µs", "status": 404, "size": 71}
2024-11-03 16:25:37	[34mINFO[0m	✅{
    "id": "PollCount",
    "type": "counter"
}
2024-11-03 16:25:37	[34mINFO[0m	info	{"uri": "http://localhost:8080/value/", "method": "POST", "duration": "105.333µs", "status": 200, "size": 87}
2024-11-03 16:25:37	[34mINFO[0m	info	{"uri": "http://localhost:8080/value/counter/someMetric/", "method": "GET", "duration": "26.666µs", "status": 404, "size": -1}
2024-11-03 16:25:37	[34mINFO[0m	info	{"uri": "http://localhost:8080/value/gauge/someMetric/", "method": "GET", "duration": "29.458µs", "status": 200, "size": 1}
2024-11-03 16:25:37	[34mINFO[0m	info	{"uri": "http://localhost:8080/value/gauge/GCCPUFraction/", "method": "GET", "duration": "27.917µs", "status": 200, "size": 1}
2024-11-03 16:25:37	[34mINFO[0m	info	{"uri": "http://localhost:8080/value/counter/HeapObjects/", "method": "GET", "duration": "28.625µs", "status": 404, "size": -1}
2024-11-03 16:25:37	[34mINFO[0m	❌ invalid metrics value for gauge type
2024-11-03 16:25:37	[34mINFO[0m	info	{"uri": "http://localhost:8080/update/", "method": "POST", "duration": "79µs", "status": 500, "size": 91}
2024-11-03 16:25:37	[31mERROR[0m	save func called	{"type": "gauge", "name": "someMetric", "value": "527"}
2024-11-03 16:25:37	[34mINFO[0m	info	{"uri": "http://localhost:8080/update/gauge/someMetric/527", "method": "POST", "duration": "50.667µs", "status": 200, "size": -1}
2024-11-03 16:25:37	[31mERROR[0m	save func called	{"type": "counter", "name": "someMetric", "value": "527"}
2024-11-03 16:25:37	[34mINFO[0m	info	{"uri": "http://localhost:8080/update/counter/someMetric/527", "method": "POST", "duration": "47.25µs", "status": 200, "size": -1}
2024-11-03 16:25:37	[31mERROR[0m	save func called	{"type": "counter", "name": "someMetric", "value": "unknown"}
2024-11-03 16:25:37	[34mINFO[0m	info	{"uri": "http://localhost:8080/update/counter/someMetric/unknown", "method": "POST", "duration": "40.209µs", "status": 400, "size": -1}
2024-11-03 16:27:28	[34mINFO[0m	info	{"uri": "http://localhost:8080/", "method": "GET", "duration": "207.917µs", "status": 200, "size": 112}
2024-11-03 16:27:28	[34mINFO[0m	❌ metric not found
2024-11-03 16:27:28	[34mINFO[0m	info	{"uri": "http://localhost:8080/value/", "method": "POST", "duration": "379.375µs", "status": 404, "size": 71}
2024-11-03 16:27:28	[34mINFO[0m	✅{
    "id": "PollCount",
    "type": "counter"
}
2024-11-03 16:27:28	[34mINFO[0m	info	{"uri": "http://localhost:8080/value/", "method": "POST", "duration": "108.958µs", "status": 200, "size": 87}
2024-11-03 16:27:28	[34mINFO[0m	info	{"uri": "http://localhost:8080/value/counter/someMetric/", "method": "GET", "duration": "32.125µs", "status": 404, "size": -1}
2024-11-03 16:27:28	[34mINFO[0m	info	{"uri": "http://localhost:8080/value/gauge/someMetric/", "method": "GET", "duration": "31.542µs", "status": 200, "size": 1}
2024-11-03 16:27:28	[34mINFO[0m	info	{"uri": "http://localhost:8080/value/gauge/GCCPUFraction/", "method": "GET", "duration": "30.334µs", "status": 200, "size": 1}
2024-11-03 16:27:28	[34mINFO[0m	info	{"uri": "http://localhost:8080/value/counter/HeapObjects/", "method": "GET", "duration": "32.333µs", "status": 404, "size": -1}
2024-11-03 16:27:28	[34mINFO[0m	❌ invalid metrics value for gauge type
2024-11-03 16:27:28	[34mINFO[0m	info	{"uri": "http://localhost:8080/update/", "method": "POST", "duration": "88.708µs", "status": 500, "size": 91}
2024-11-03 16:27:28	[31mERROR[0m	save func called	{"type": "gauge", "name": "someMetric", "value": "527"}
2024-11-03 16:27:28	[34mINFO[0m	info	{"uri": "http://localhost:8080/update/gauge/someMetric/527", "method": "POST", "duration": "53.375µs", "status": 200, "size": -1}
2024-11-03 16:27:28	[31mERROR[0m	save func called	{"type": "counter", "name": "someMetric", "value": "527"}
2024-11-03 16:27:28	[34mINFO[0m	info	{"uri": "http://localhost:8080/update/counter/someMetric/527", "method": "POST", "duration": "40.208µs", "status": 200, "size": -1}
2024-11-03 16:27:28	[31mERROR[0m	save func called	{"type": "counter", "name": "someMetric", "value": "unknown"}
2024-11-03 16:27:28	[34mINFO[0m	info	{"uri": "http://localhost:8080/update/counter/someMetric/unknown", "method": "POST", "duration": "41µs", "status": 400, "size": -1}
2024-11-03 16:28:04	[34mINFO[0m	info	{"uri": "http://localhost:8080/", "method": "GET", "duration": "208.042µs", "status": 200, "size": 112}
2024-11-03 16:28:04	[34mINFO[0m	❌ metric not found
2024-11-03 16:28:04	[34mINFO[0m	info	{"uri": "http://localhost:8080/value/", "method": "POST", "duration": "385.416µs", "status": 404, "size": 71}
2024-11-03 16:28:04	[34mINFO[0m	✅{
    "id": "PollCount",
    "type": "counter"
}
2024-11-03 16:28:04	[34mINFO[0m	info	{"uri": "http://localhost:8080/value/", "method": "POST", "duration": "103.292µs", "status": 200, "size": 87}
2024-11-03 16:28:04	[34mINFO[0m	info	{"uri": "http://localhost:8080/value/counter/someMetric/", "method": "GET", "duration": "27.666µs", "status": 404, "size": -1}
2024-11-03 16:28:04	[34mINFO[0m	info	{"uri": "http://localhost:8080/value/gauge/someMetric/", "method": "GET", "duration": "29.875µs", "status": 200, "size": 1}
2024-11-03 16:28:04	[34mINFO[0m	info	{"uri": "http://localhost:8080/value/gauge/GCCPUFraction/", "method": "GET", "duration": "34.791µs", "status": 200, "size": 1}
2024-11-03 16:28:04	[34mINFO[0m	info	{"uri": "http://localhost:8080/value/counter/HeapObjects/", "method": "GET", "duration": "30.25µs", "status": 404, "size": -1}
2024-11-03 16:28:04	[34mINFO[0m	❌ invalid metrics value for gauge type
2024-11-03 16:28:04	[34mINFO[0m	info	{"uri": "http://localhost:8080/update/", "method": "POST", "duration": "91.833µs", "status": 500, "size": 91}
2024-11-03 16:28:04	[31mERROR[0m	save func called	{"type": "gauge", "name": "someMetric", "value": "527"}
2024-11-03 16:28:04	[34mINFO[0m	info	{"uri": "http://localhost:8080/update/gauge/someMetric/527", "method": "POST", "duration": "50.875µs", "status": 200, "size": -1}
2024-11-03 16:28:04	[31mERROR[0m	save func called	{"type": "counter", "name": "someMetric", "value": "527"}
2024-11-03 16:28:04	[34mINFO[0m	info	{"uri": "http://localhost:8080/update/counter/someMetric/527", "method": "POST", "duration": "39.208µs", "status": 200, "size": -1}
2024-11-03 16:28:04	[31mERROR[0m	save func called	{"type": "counter", "name": "someMetric", "value": "unknown"}
2024-11-03 16:28:04	[34mINFO[0m	info	{"uri": "http://localhost:8080/update/counter/someMetric/unknown", "method": "POST", "duration": "53.709µs", "status": 400, "size": -1}
2024-11-03 16:34:36	[34mINFO[0m	info	{"uri": "http://localhost:8080/", "method": "GET", "duration": "220.792µs", "status": 200, "size": 112}
2024-11-03 16:34:36	[34mINFO[0m	❌ metric not found
2024-11-03 16:34:36	[34mINFO[0m	info	{"uri": "http://localhost:8080/value/", "method": "POST", "duration": "380.333µs", "status": 404, "size": 71}
2024-11-03 16:34:36	[34mINFO[0m	✅{
    "id": "PollCount",
    "type": "counter"
}
2024-11-03 16:34:36	[34mINFO[0m	info	{"uri": "http://localhost:8080/value/", "method": "POST", "duration": "101.5µs", "status": 200, "size": 87}
2024-11-03 16:34:36	[34mINFO[0m	info	{"uri": "http://localhost:8080/value/counter/someMetric/", "method": "GET", "duration": "27.542µs", "status": 404, "size": -1}
2024-11-03 16:34:36	[34mINFO[0m	info	{"uri": "http://localhost:8080/value/gauge/someMetric/", "method": "GET", "duration": "30.709µs", "status": 200, "size": 1}
2024-11-03 16:34:36	[34mINFO[0m	info	{"uri": "http://localhost:8080/value/gauge/GCCPUFraction/", "method": "GET", "duration": "28.959µs", "status": 200, "size": 1}
2024-11-03 16:34:36	[34mINFO[0m	info	{"uri": "http://localhost:8080/value/counter/HeapObjects/", "method": "GET", "duration": "29.292µs", "status": 404, "size": -1}
2024-11-03 16:34:36	[34mINFO[0m	❌ invalid metrics value for gauge type
2024-11-03 16:34:36	[34mINFO[0m	info	{"uri": "http://localhost:8080/update/", "method": "POST", "duration": "80.417µs", "status": 500, "size": 91}
2024-11-03 16:34:36	[31mERROR[0m	save func called	{"type": "gauge", "name": "someMetric", "value": "527"}
2024-11-03 16:34:36	[34mINFO[0m	info	{"uri": "http://localhost:8080/update/gauge/someMetric/527", "method": "POST", "duration": "50.959µs", "status": 200, "size": -1}
2024-11-03 16:34:36	[31mERROR[0m	save func called	{"type": "counter", "name": "someMetric", "value": "527"}
2024-11-03 16:34:36	[34mINFO[0m	info	{"uri": "http://localhost:8080/update/counter/someMetric/527", "method": "POST", "duration": "37.791µs", "status": 200, "size": -1}
2024-11-03 16:34:36	[31mERROR[0m	save func called	{"type": "counter", "name": "someMetric", "value": "unknown"}
2024-11-03 16:34:36	[34mINFO[0m	info	{"uri": "http://localhost:8080/update/counter/someMetric/unknown", "method": "POST", "duration": "38.708µs", "status": 400, "size": -1}
2024-11-03 16:35:00	[34mINFO[0m	info	{"uri": "http://localhost:8080/", "method": "GET", "duration": "215.209µs", "status": 200, "size": 112}
2024-11-03 16:35:00	[34mINFO[0m	❌ metric not found
2024-11-03 16:35:00	[34mINFO[0m	info	{"uri": "http://localhost:8080/value/", "method": "POST", "duration": "375.042µs", "status": 404, "size": 71}
2024-11-03 16:35:00	[34mINFO[0m	✅{
    "id": "PollCount",
    "type": "counter"
}
2024-11-03 16:35:00	[34mINFO[0m	info	{"uri": "http://localhost:8080/value/", "method": "POST", "duration": "95.958µs", "status": 200, "size": 87}
2024-11-03 16:35:00	[34mINFO[0m	info	{"uri": "http://localhost:8080/value/counter/someMetric/", "method": "GET", "duration": "26.375µs", "status": 404, "size": -1}
2024-11-03 16:35:00	[34mINFO[0m	info	{"uri": "http://localhost:8080/value/gauge/someMetric/", "method": "GET", "duration": "38.333µs", "status": 200, "size": 1}
2024-11-03 16:35:00	[34mINFO[0m	info	{"uri": "http://localhost:8080/value/gauge/GCCPUFraction/", "method": "GET", "duration": "31.208µs", "status": 200, "size": 1}
2024-11-03 16:35:00	[34mINFO[0m	info	{"uri": "http://localhost:8080/value/counter/HeapObjects/", "method": "GET", "duration": "30.292µs", "status": 404, "size": -1}
2024-11-03 16:35:00	[34mINFO[0m	❌ invalid metrics value for gauge type
2024-11-03 16:35:00	[34mINFO[0m	info	{"uri": "http://localhost:8080/update/", "method": "POST", "duration": "95.916µs", "status": 500, "size": 91}
2024-11-03 16:35:00	[31mERROR[0m	save func called	{"type": "gauge", "name": "someMetric", "value": "527"}
2024-11-03 16:35:00	[34mINFO[0m	info	{"uri": "http://localhost:8080/update/gauge/someMetric/527", "method": "POST", "duration": "54.541µs", "status": 200, "size": -1}
2024-11-03 16:35:00	[31mERROR[0m	save func called	{"type": "counter", "name": "someMetric", "value": "527"}
2024-11-03 16:35:00	[34mINFO[0m	info	{"uri": "http://localhost:8080/update/counter/someMetric/527", "method": "POST", "duration": "38.583µs", "status": 200, "size": -1}
2024-11-03 16:35:00	[31mERROR[0m	save func called	{"type": "counter", "name": "someMetric", "value": "unknown"}
2024-11-03 16:35:00	[34mINFO[0m	info	{"uri": "http://localhost:8080/update/counter/someMetric/unknown", "method": "POST", "duration": "42.416µs", "status": 400, "size": -1}
2024-11-03 17:45:53	[34mINFO[0m	info	{"uri": "http://localhost:8080/", "method": "GET", "duration": "194.667µs", "status": 200, "size": 112}
2024-11-03 17:45:53	[34mINFO[0m	❌ metric not found
2024-11-03 17:45:53	[34mINFO[0m	info	{"uri": "http://localhost:8080/value/", "method": "POST", "duration": "401.542µs", "status": 404, "size": 71}
2024-11-03 17:45:53	[34mINFO[0m	✅{
    "id": "PollCount",
    "type": "counter"
}
2024-11-03 17:45:53	[34mINFO[0m	info	{"uri": "http://localhost:8080/value/", "method": "POST", "duration": "103.208µs", "status": 200, "size": 87}
2024-11-03 17:45:53	[34mINFO[0m	info	{"uri": "http://localhost:8080/value/counter/someMetric/", "method": "GET", "duration": "27.833µs", "status": 404, "size": -1}
2024-11-03 17:45:53	[34mINFO[0m	info	{"uri": "http://localhost:8080/value/gauge/someMetric/", "method": "GET", "duration": "30.208µs", "status": 200, "size": 1}
2024-11-03 17:45:53	[34mINFO[0m	info	{"uri": "http://localhost:8080/value/gauge/GCCPUFraction/", "method": "GET", "duration": "28.75µs", "status": 200, "size": 1}
2024-11-03 17:45:53	[34mINFO[0m	info	{"uri": "http://localhost:8080/value/counter/HeapObjects/", "method": "GET", "duration": "30.25µs", "status": 404, "size": -1}
2024-11-03 17:45:53	[34mINFO[0m	❌ invalid metrics value for gauge type
2024-11-03 17:45:53	[34mINFO[0m	info	{"uri": "http://localhost:8080/update/", "method": "POST", "duration": "79.625µs", "status": 500, "size": 91}
2024-11-03 17:45:53	[34mINFO[0m	info	{"uri": "http://localhost:8080/update/gauge/someMetric/527", "method": "POST", "duration": "30.125µs", "status": 200, "size": -1}
2024-11-03 17:45:53	[34mINFO[0m	info	{"uri": "http://localhost:8080/update/counter/someMetric/527", "method": "POST", "duration": "31.75µs", "status": 200, "size": -1}
2024-11-03 17:45:53	[34mINFO[0m	info	{"uri": "http://localhost:8080/update/counter/someMetric/unknown", "method": "POST", "duration": "34µs", "status": 400, "size": -1}
2024-11-04 01:10:13	[34mINFO[0m	info	{"uri": "http://localhost:8080/", "method": "GET", "duration": "259.25µs", "request_body": null, "status": 200, "size": 0, "response_body": null, "response_err": "invalid character '<' looking for beginning of value"}
2024-11-04 01:10:13	[34mINFO[0m	❌ metric not found
2024-11-04 01:10:13	[34mINFO[0m	info	{"uri": "http://localhost:8080/value/", "method": "POST", "duration": "296.584µs", "request_body": {"id":"HeapIdle","type":"gauge"}, "status": 404, "size": 0, "response_body": {"data":null,"message":"metric not found","status":404,"success":false}}
2024-11-04 01:10:13	[34mINFO[0m	✅{
    "id": "PollCount",
    "type": "counter"
}
2024-11-04 01:10:13	[34mINFO[0m	info	{"uri": "http://localhost:8080/value/", "method": "POST", "duration": "81.417µs", "request_body": {"id":"PollCount","type":"counter"}, "status": 200, "size": 0, "response_body": {"data":null,"id":"PollCount","message":"metric not found","status":404,"success":false,"type":"counter"}}
2024-11-04 01:10:13	[34mINFO[0m	info	{"uri": "http://localhost:8080/value/counter/someMetric/", "method": "GET", "duration": "29.542µs", "request_body": null, "status": 404, "size": 0, "response_body": null, "response_err": "unexpected end of JSON input"}
2024-11-04 01:10:13	[34mINFO[0m	info	{"uri": "http://localhost:8080/value/gauge/someMetric/", "method": "GET", "duration": "62.625µs", "request_body": null, "status": 200, "size": 0, "response_body": null, "response_err": "json: cannot unmarshal number into Go value of type map[string]interface {}"}
2024-11-04 01:10:13	[34mINFO[0m	info	{"uri": "http://localhost:8080/value/gauge/GCCPUFraction/", "method": "GET", "duration": "28.959µs", "request_body": null, "status": 200, "size": 0, "response_body": null, "response_err": "json: cannot unmarshal number into Go value of type map[string]interface {}"}
2024-11-04 01:10:13	[34mINFO[0m	info	{"uri": "http://localhost:8080/value/counter/HeapObjects/", "method": "GET", "duration": "29.292µs", "request_body": null, "status": 404, "size": 0, "response_body": null, "response_err": "unexpected end of JSON input"}
2024-11-04 01:10:13	[34mINFO[0m	❌ invalid metrics value for gauge type
2024-11-04 01:10:13	[34mINFO[0m	info	{"uri": "http://localhost:8080/update/", "method": "POST", "duration": "81.292µs", "request_body": {"id":"HeapIdle","type":"gauge"}, "status": 500, "size": 0, "response_body": {"data":null,"message":"invalid metrics value for gauge type","status":500,"success":false}}
2024-11-04 01:10:13	[34mINFO[0m	info	{"uri": "http://localhost:8080/update/gauge/someMetric/527", "method": "POST", "duration": "30.667µs", "request_body": null, "status": 200, "size": 0, "response_body": null, "response_err": "unexpected end of JSON input"}
2024-11-04 01:10:13	[34mINFO[0m	info	{"uri": "http://localhost:8080/update/counter/someMetric/527", "method": "POST", "duration": "28.625µs", "request_body": null, "status": 200, "size": 0, "response_body": null, "response_err": "unexpected end of JSON input"}
2024-11-04 01:10:13	[34mINFO[0m	info	{"uri": "http://localhost:8080/update/counter/someMetric/unknown", "method": "POST", "duration": "34.167µs", "request_body": null, "status": 400, "size": 0, "response_body": null, "response_err": "unexpected end of JSON input"}
2024-11-04 01:10:24	[34mINFO[0m	info	{"uri": "http://localhost:8080/", "method": "GET", "duration": "270.291µs", "request_body": null, "status": 200, "size": 0, "response_body": null, "response_err": "invalid character '<' looking for beginning of value"}
2024-11-04 01:10:24	[34mINFO[0m	❌ metric not found
2024-11-04 01:10:24	[34mINFO[0m	info	{"uri": "http://localhost:8080/value/", "method": "POST", "duration": "303.875µs", "request_body": {"id":"HeapIdle","type":"gauge"}, "status": 404, "size": 0, "response_body": {"data":null,"message":"metric not found","status":404,"success":false}}
2024-11-04 01:10:24	[34mINFO[0m	✅{
    "id": "PollCount",
    "type": "counter"
}
2024-11-04 01:10:24	[34mINFO[0m	info	{"uri": "http://localhost:8080/value/", "method": "POST", "duration": "71.542µs", "request_body": {"id":"PollCount","type":"counter"}, "status": 200, "size": 0, "response_body": {"data":null,"id":"PollCount","message":"metric not found","status":404,"success":false,"type":"counter"}}
2024-11-04 01:10:24	[34mINFO[0m	info	{"uri": "http://localhost:8080/value/counter/someMetric/", "method": "GET", "duration": "29.5µs", "request_body": null, "status": 404, "size": 0, "response_body": null, "response_err": "unexpected end of JSON input"}
2024-11-04 01:10:24	[34mINFO[0m	info	{"uri": "http://localhost:8080/value/gauge/someMetric/", "method": "GET", "duration": "34.667µs", "request_body": null, "status": 200, "size": 0, "response_body": null, "response_err": "json: cannot unmarshal number into Go value of type map[string]interface {}"}
2024-11-04 01:10:24	[34mINFO[0m	info	{"uri": "http://localhost:8080/value/gauge/GCCPUFraction/", "method": "GET", "duration": "29.583µs", "request_body": null, "status": 200, "size": 0, "response_body": null, "response_err": "json: cannot unmarshal number into Go value of type map[string]interface {}"}
2024-11-04 01:10:24	[34mINFO[0m	info	{"uri": "http://localhost:8080/value/counter/HeapObjects/", "method": "GET", "duration": "30.875µs", "request_body": null, "status": 404, "size": 0, "response_body": null, "response_err": "unexpected end of JSON input"}
2024-11-04 01:10:24	[34mINFO[0m	❌ invalid metrics value for gauge type
2024-11-04 01:10:24	[34mINFO[0m	info	{"uri": "http://localhost:8080/update/", "method": "POST", "duration": "106.125µs", "request_body": {"id":"HeapIdle","type":"gauge"}, "status": 500, "size": 0, "response_body": {"data":null,"message":"invalid metrics value for gauge type","status":500,"success":false}}
2024-11-04 01:10:24	[34mINFO[0m	info	{"uri": "http://localhost:8080/update/gauge/someMetric/527", "method": "POST", "duration": "35.292µs", "request_body": null, "status": 200, "size": 0, "response_body": null, "response_err": "unexpected end of JSON input"}
2024-11-04 01:10:24	[34mINFO[0m	info	{"uri": "http://localhost:8080/update/counter/someMetric/527", "method": "POST", "duration": "30.416µs", "request_body": null, "status": 200, "size": 0, "response_body": null, "response_err": "unexpected end of JSON input"}
2024-11-04 01:10:24	[34mINFO[0m	info	{"uri": "http://localhost:8080/update/counter/someMetric/unknown", "method": "POST", "duration": "36.208µs", "request_body": null, "status": 400, "size": 0, "response_body": null, "response_err": "unexpected end of JSON input"}
2024-11-04 01:15:01	[34mINFO[0m	info	{"uri": "http://localhost:8080/", "method": "GET", "duration": "257.75µs", "request_body": null, "status": 200, "size": 0, "response_body": null, "response_err": "invalid character '<' looking for beginning of value"}
2024-11-04 01:15:01	[34mINFO[0m	❌ metric not found
2024-11-04 01:15:01	[34mINFO[0m	info	{"uri": "http://localhost:8080/value/", "method": "POST", "duration": "308.625µs", "request_body": {"id":"HeapIdle","type":"gauge"}, "status": 404, "size": 0, "response_body": {"data":null,"message":"metric not found","status":404,"success":false}}
2024-11-04 01:15:01	[34mINFO[0m	✅{
    "id": "PollCount",
    "type": "counter"
}
2024-11-04 01:15:01	[34mINFO[0m	info	{"uri": "http://localhost:8080/value/", "method": "POST", "duration": "76.708µs", "request_body": {"id":"PollCount","type":"counter"}, "status": 200, "size": 0, "response_body": {"data":null,"id":"PollCount","message":"metric not found","status":404,"success":false,"type":"counter"}}
2024-11-04 01:15:01	[34mINFO[0m	info	{"uri": "http://localhost:8080/value/counter/someMetric/", "method": "GET", "duration": "27.833µs", "request_body": null, "status": 404, "size": 0, "response_body": null, "response_err": "unexpected end of JSON input"}
2024-11-04 01:15:01	[34mINFO[0m	info	{"uri": "http://localhost:8080/value/gauge/someMetric/", "method": "GET", "duration": "38.25µs", "request_body": null, "status": 200, "size": 0, "response_body": null, "response_err": "json: cannot unmarshal number into Go value of type map[string]interface {}"}
2024-11-04 01:15:01	[34mINFO[0m	info	{"uri": "http://localhost:8080/value/gauge/GCCPUFraction/", "method": "GET", "duration": "31µs", "request_body": null, "status": 200, "size": 0, "response_body": null, "response_err": "json: cannot unmarshal number into Go value of type map[string]interface {}"}
2024-11-04 01:15:01	[34mINFO[0m	info	{"uri": "http://localhost:8080/value/counter/HeapObjects/", "method": "GET", "duration": "30.417µs", "request_body": null, "status": 404, "size": 0, "response_body": null, "response_err": "unexpected end of JSON input"}
2024-11-04 01:15:01	[34mINFO[0m	❌ invalid metrics value for gauge type
2024-11-04 01:15:01	[34mINFO[0m	info	{"uri": "http://localhost:8080/update/", "method": "POST", "duration": "96µs", "request_body": {"id":"HeapIdle","type":"gauge"}, "status": 500, "size": 0, "response_body": {"data":null,"message":"invalid metrics value for gauge type","status":500,"success":false}}
2024-11-04 01:15:01	[34mINFO[0m	info	{"uri": "http://localhost:8080/update/gauge/someMetric/527", "method": "POST", "duration": "29.834µs", "request_body": null, "status": 200, "size": 0, "response_body": null, "response_err": "unexpected end of JSON input"}
2024-11-04 01:15:01	[34mINFO[0m	info	{"uri": "http://localhost:8080/update/counter/someMetric/527", "method": "POST", "duration": "31.667µs", "request_body": null, "status": 200, "size": 0, "response_body": null, "response_err": "unexpected end of JSON input"}
2024-11-04 01:15:01	[34mINFO[0m	info	{"uri": "http://localhost:8080/update/counter/someMetric/unknown", "method": "POST", "duration": "35.958µs", "request_body": null, "status": 400, "size": 0, "response_body": null, "response_err": "unexpected end of JSON input"}
2024-11-04 01:15:13	[34mINFO[0m	info	{"uri": "http://localhost:8080/", "method": "GET", "duration": "261.292µs", "request_body": null, "status": 200, "size": 0, "response_body": null, "response_err": "invalid character '<' looking for beginning of value"}
2024-11-04 01:15:13	[34mINFO[0m	❌ metric not found
2024-11-04 01:15:13	[34mINFO[0m	info	{"uri": "http://localhost:8080/value/", "method": "POST", "duration": "318.5µs", "request_body": {"id":"HeapIdle","type":"gauge"}, "status": 404, "size": 0, "response_body": {"data":null,"message":"metric not found","status":404,"success":false}}
2024-11-04 01:15:13	[34mINFO[0m	✅{
    "id": "PollCount",
    "type": "counter"
}
2024-11-04 01:15:13	[34mINFO[0m	info	{"uri": "http://localhost:8080/value/", "method": "POST", "duration": "86.75µs", "request_body": {"id":"PollCount","type":"counter"}, "status": 200, "size": 0, "response_body": {"data":null,"id":"PollCount","message":"metric not found","status":404,"success":false,"type":"counter"}}
2024-11-04 01:15:13	[34mINFO[0m	info	{"uri": "http://localhost:8080/value/counter/someMetric/", "method": "GET", "duration": "30.375µs", "request_body": null, "status": 404, "size": 0, "response_body": null, "response_err": "unexpected end of JSON input"}
2024-11-04 01:15:13	[34mINFO[0m	info	{"uri": "http://localhost:8080/value/gauge/someMetric/", "method": "GET", "duration": "80.834µs", "request_body": null, "status": 200, "size": 0, "response_body": null, "response_err": "json: cannot unmarshal number into Go value of type map[string]interface {}"}
2024-11-04 01:15:13	[34mINFO[0m	info	{"uri": "http://localhost:8080/value/gauge/GCCPUFraction/", "method": "GET", "duration": "66.958µs", "request_body": null, "status": 200, "size": 0, "response_body": null, "response_err": "json: cannot unmarshal number into Go value of type map[string]interface {}"}
2024-11-04 01:15:13	[34mINFO[0m	info	{"uri": "http://localhost:8080/value/counter/HeapObjects/", "method": "GET", "duration": "31.917µs", "request_body": null, "status": 404, "size": 0, "response_body": null, "response_err": "unexpected end of JSON input"}
2024-11-04 01:15:13	[34mINFO[0m	❌ invalid metrics value for gauge type
2024-11-04 01:15:13	[34mINFO[0m	info	{"uri": "http://localhost:8080/update/", "method": "POST", "duration": "100.416µs", "request_body": {"id":"HeapIdle","type":"gauge"}, "status": 500, "size": 0, "response_body": {"data":null,"message":"invalid metrics value for gauge type","status":500,"success":false}}
2024-11-04 01:15:13	[34mINFO[0m	info	{"uri": "http://localhost:8080/update/gauge/someMetric/527", "method": "POST", "duration": "30.917µs", "request_body": null, "status": 200, "size": 0, "response_body": null, "response_err": "unexpected end of JSON input"}
2024-11-04 01:15:13	[34mINFO[0m	info	{"uri": "http://localhost:8080/update/counter/someMetric/527", "method": "POST", "duration": "37.958µs", "request_body": null, "status": 200, "size": 0, "response_body": null, "response_err": "unexpected end of JSON input"}
2024-11-04 01:15:13	[34mINFO[0m	info	{"uri": "http://localhost:8080/update/counter/someMetric/unknown", "method": "POST", "duration": "39.208µs", "request_body": null, "status": 400, "size": 0, "response_body": null, "response_err": "unexpected end of JSON input"}
